<?xml version="1.0" encoding="UTF-8"?>
<!-- Generated by org.testng.reporters.JUnitReportReporter -->
<testsuite hostname="Srikanth" failures="0" tests="1" name="utilities.ExtentReportManager" time="0.544" errors="0" timestamp="2025-01-08T17:23:33 IST" skipped="0">
  <testcase classname="utilities.ExtentReportManager" name="extentReport" time="0.544"/>
</testsuite> <!-- utilities.ExtentReportManager -->
