<?xml version="1.0" encoding="UTF-8"?>
<!-- Generated by org.testng.reporters.JUnitReportReporter -->
<testsuite hostname="Srikanth" failures="0" tests="1" name="utilities.Utilitiess" time="0.742" errors="0" timestamp="2025-01-08T11:50:11 IST" skipped="0">
  <testcase classname="utilities.Utilitiess" name="readDataFromExcel" time="0.742"/>
</testsuite> <!-- utilities.Utilitiess -->
