<?xml version="1.0" encoding="UTF-8"?>
<!-- Generated by org.testng.reporters.JUnitReportReporter -->
<testsuite hostname="Srikanth" failures="0" tests="1" name="testCases.Tc001_AccountRegisterionationTest" time="2.932" errors="0" timestamp="2025-01-09T11:15:36 IST" skipped="0">
  <testcase classname="testCases.Tc001_AccountRegisterionationTest" name="verify_AccountRegrestion" time="2.932"/>
</testsuite> <!-- testCases.Tc001_AccountRegisterionationTest -->
