<?xml version="1.0" encoding="UTF-8"?>
<!-- Generated by org.testng.reporters.JUnitReportReporter -->
<testsuite hostname="Srikanth" failures="0" tests="1" name="testCases.AccountRegisterionationTest" time="0.639" errors="0" timestamp="2025-01-07T11:43:25 IST" skipped="0">
  <testcase classname="testCases.AccountRegisterionationTest" name="verify_AccountRegrestion" time="0.639"/>
</testsuite> <!-- testCases.AccountRegisterionationTest -->
